<?xml version="1.0" encoding="UTF-8"?>
<testng-results skipped="0" failed="0" total="2" passed="2">
  <reporter-output>
  </reporter-output>
  <suite name="Default suite" duration-ms="47" started-at="2015-10-29T14:28:57Z" finished-at="2015-10-29T14:28:58Z">
    <groups>
    </groups>
    <test name="Default test" duration-ms="47" started-at="2015-10-29T14:28:57Z" finished-at="2015-10-29T14:28:58Z">
      <class name="testngPackage.DemoNewTestNG">
        <test-method status="PASS" signature="beforeSuite()[pri:0, instance:testngPackage.DemoNewTestNG@ea4a92b]" name="beforeSuite" is-config="true" duration-ms="15" started-at="2015-10-29T19:58:57Z" finished-at="2015-10-29T19:58:57Z">
          <reporter-output>
          </reporter-output>
        </test-method> <!-- beforeSuite -->
        <test-method status="PASS" signature="beforeTest()[pri:0, instance:testngPackage.DemoNewTestNG@ea4a92b]" name="beforeTest" is-config="true" duration-ms="0" started-at="2015-10-29T19:58:57Z" finished-at="2015-10-29T19:58:57Z">
          <reporter-output>
          </reporter-output>
        </test-method> <!-- beforeTest -->
        <test-method status="PASS" signature="f(java.lang.Integer, java.lang.String)[pri:0, instance:testngPackage.DemoNewTestNG@ea4a92b]" name="f" duration-ms="16" started-at="2015-10-29T19:58:57Z" data-provider="dp" finished-at="2015-10-29T19:58:58Z">
          <params>
            <param index="0">
              <value>
                <![CDATA[1]]>
              </value>
            </param>
            <param index="1">
              <value>
                <![CDATA[a]]>
              </value>
            </param>
          </params>
          <reporter-output>
          </reporter-output>
        </test-method> <!-- f -->
        <test-method status="PASS" signature="beforeMethod()[pri:0, instance:testngPackage.DemoNewTestNG@ea4a92b]" name="beforeMethod" is-config="true" duration-ms="0" started-at="2015-10-29T19:58:57Z" finished-at="2015-10-29T19:58:57Z">
          <reporter-output>
          </reporter-output>
        </test-method> <!-- beforeMethod -->
        <test-method status="PASS" signature="beforeClass()[pri:0, instance:testngPackage.DemoNewTestNG@ea4a92b]" name="beforeClass" is-config="true" duration-ms="0" started-at="2015-10-29T19:58:57Z" finished-at="2015-10-29T19:58:57Z">
          <reporter-output>
          </reporter-output>
        </test-method> <!-- beforeClass -->
        <test-method status="PASS" signature="beforeMethod()[pri:0, instance:testngPackage.DemoNewTestNG@ea4a92b]" name="beforeMethod" is-config="true" duration-ms="0" started-at="2015-10-29T19:58:58Z" finished-at="2015-10-29T19:58:58Z">
          <reporter-output>
          </reporter-output>
        </test-method> <!-- beforeMethod -->
        <test-method status="PASS" signature="f(java.lang.Integer, java.lang.String)[pri:0, instance:testngPackage.DemoNewTestNG@ea4a92b]" name="f" duration-ms="0" started-at="2015-10-29T19:58:58Z" data-provider="dp" finished-at="2015-10-29T19:58:58Z">
          <params>
            <param index="0">
              <value>
                <![CDATA[2]]>
              </value>
            </param>
            <param index="1">
              <value>
                <![CDATA[b]]>
              </value>
            </param>
          </params>
          <reporter-output>
          </reporter-output>
        </test-method> <!-- f -->
        <test-method status="PASS" signature="afterMethod()[pri:0, instance:testngPackage.DemoNewTestNG@ea4a92b]" name="afterMethod" is-config="true" duration-ms="0" started-at="2015-10-29T19:58:58Z" finished-at="2015-10-29T19:58:58Z">
          <reporter-output>
          </reporter-output>
        </test-method> <!-- afterMethod -->
        <test-method status="PASS" signature="afterClass()[pri:0, instance:testngPackage.DemoNewTestNG@ea4a92b]" name="afterClass" is-config="true" duration-ms="0" started-at="2015-10-29T19:58:58Z" finished-at="2015-10-29T19:58:58Z">
          <reporter-output>
          </reporter-output>
        </test-method> <!-- afterClass -->
        <test-method status="PASS" signature="afterTest()[pri:0, instance:testngPackage.DemoNewTestNG@ea4a92b]" name="afterTest" is-config="true" duration-ms="0" started-at="2015-10-29T19:58:58Z" finished-at="2015-10-29T19:58:58Z">
          <reporter-output>
          </reporter-output>
        </test-method> <!-- afterTest -->
        <test-method status="PASS" signature="afterMethod()[pri:0, instance:testngPackage.DemoNewTestNG@ea4a92b]" name="afterMethod" is-config="true" duration-ms="0" started-at="2015-10-29T19:58:58Z" finished-at="2015-10-29T19:58:58Z">
          <reporter-output>
          </reporter-output>
        </test-method> <!-- afterMethod -->
        <test-method status="PASS" signature="afterSuite()[pri:0, instance:testngPackage.DemoNewTestNG@ea4a92b]" name="afterSuite" is-config="true" duration-ms="0" started-at="2015-10-29T19:58:58Z" finished-at="2015-10-29T19:58:58Z">
          <reporter-output>
          </reporter-output>
        </test-method> <!-- afterSuite -->
      </class> <!-- testngPackage.DemoNewTestNG -->
    </test> <!-- Default test -->
  </suite> <!-- Default suite -->
</testng-results>
